21:36:38.217 [main] INFO  o.s.web.context.ContextLoader - Root WebApplicationContext: initialization started
21:36:38.345 [main] INFO  o.s.w.c.s.XmlWebApplicationContext - Refreshing Root WebApplicationContext: startup date [Thu Oct 25 21:36:38 CST 2018]; root of context hierarchy
21:36:38.505 [main] INFO  o.s.b.f.xml.XmlBeanDefinitionReader - Loading XML bean definitions from file [E:\idea-workspace\yst\yst-web\target\classes\applicationContext.xml]
21:36:38.750 [main] INFO  o.s.b.f.xml.XmlBeanDefinitionReader - Loading XML bean definitions from URL [jar:file:/F:/m2/repository/com/yst/yst-business/1.0.0-SNAPSHOT/yst-business-1.0.0-SNAPSHOT.jar!/applicationContext-bussines.xml]
21:36:38.862 [main] INFO  o.s.b.f.xml.XmlBeanDefinitionReader - Loading XML bean definitions from URL [jar:file:/F:/m2/repository/com/yst/yst-business/1.0.0-SNAPSHOT/yst-business-1.0.0-SNAPSHOT.jar!/applicationContext-mybatis.xml]
21:36:39.137 [main] INFO  o.s.c.s.PropertySourcesPlaceholderConfigurer - Loading properties file from URL [file:/E:/idea-workspace/yst/yst-web/target/classes/application.properties]
21:36:39.142 [main] INFO  o.s.b.f.a.AutowiredAnnotationBeanPostProcessor - JSR-330 'javax.inject.Inject' annotation found and supported for autowiring
21:36:42.155 [main] INFO  c.alibaba.druid.pool.DruidDataSource - {dataSource-1} inited
21:36:43.207 [main] INFO  o.s.web.context.ContextLoader - Root WebApplicationContext: initialization completed in 4985 ms
21:36:43.419 [main] INFO  o.s.web.servlet.DispatcherServlet - FrameworkServlet 'springServlet': initialization started
21:36:43.421 [main] INFO  o.s.w.c.s.XmlWebApplicationContext - Refreshing WebApplicationContext for namespace 'springServlet-servlet': startup date [Thu Oct 25 21:36:43 CST 2018]; parent: Root WebApplicationContext
21:36:43.422 [main] INFO  o.s.b.f.xml.XmlBeanDefinitionReader - Loading XML bean definitions from ServletContext resource [/WEB-INF/spring-mvc.xml]
21:36:43.529 [main] INFO  o.s.b.f.a.AutowiredAnnotationBeanPostProcessor - JSR-330 'javax.inject.Inject' annotation found and supported for autowiring
21:36:44.354 [main] INFO  o.s.w.s.m.m.a.RequestMappingHandlerMapping - Mapped "{[/lesson/add]}" onto public com.yst.common.response.ReturnT com.yst.web.controller.LessonController.add(com.yst.common.bean.Lesson)
21:36:44.355 [main] INFO  o.s.w.s.m.m.a.RequestMappingHandlerMapping - Mapped "{[/lesson/update]}" onto public com.yst.common.response.ReturnT com.yst.web.controller.LessonController.update(com.yst.common.bean.Lesson)
21:36:44.355 [main] INFO  o.s.w.s.m.m.a.RequestMappingHandlerMapping - Mapped "{[/lesson/delete]}" onto public com.yst.common.response.ReturnT com.yst.web.controller.LessonController.delete(java.lang.Integer)
21:36:44.355 [main] INFO  o.s.w.s.m.m.a.RequestMappingHandlerMapping - Mapped "{[/lesson/list]}" onto public com.yst.common.response.ReturnT com.yst.web.controller.LessonController.list(java.lang.Integer,java.lang.Integer)
21:36:44.355 [main] INFO  o.s.w.s.m.m.a.RequestMappingHandlerMapping - Mapped "{[/lesson/detail]}" onto public com.yst.common.response.ReturnT com.yst.web.controller.LessonController.detail(java.lang.Integer)
21:36:44.356 [main] INFO  o.s.w.s.m.m.a.RequestMappingHandlerMapping - Mapped "{[/lesson/queryList]}" onto public com.yst.common.response.ReturnT com.yst.web.controller.LessonController.queryList(com.yst.common.bean.Lesson)
21:36:44.358 [main] INFO  o.s.w.s.m.m.a.RequestMappingHandlerMapping - Mapped "{[/page/test]}" onto public org.springframework.web.servlet.ModelAndView com.yst.web.controller.PageController.test()
21:36:44.358 [main] INFO  o.s.w.s.m.m.a.RequestMappingHandlerMapping - Mapped "{[/page/list]}" onto public org.springframework.web.servlet.ModelAndView com.yst.web.controller.PageController.listPage()
21:36:44.359 [main] INFO  o.s.w.s.m.m.a.RequestMappingHandlerMapping - Mapped "{[/page/weixin]}" onto public org.springframework.web.servlet.ModelAndView com.yst.web.controller.PageController.weixin()
21:36:44.360 [main] INFO  o.s.w.s.m.m.a.RequestMappingHandlerMapping - Mapped "{[/planLesson/add]}" onto public com.yst.common.response.ReturnT com.yst.web.controller.PlanLessonController.add(com.yst.common.bean.PlanLesson)
21:36:44.360 [main] INFO  o.s.w.s.m.m.a.RequestMappingHandlerMapping - Mapped "{[/planLesson/update]}" onto public com.yst.common.response.ReturnT com.yst.web.controller.PlanLessonController.update(com.yst.common.bean.PlanLesson)
21:36:44.360 [main] INFO  o.s.w.s.m.m.a.RequestMappingHandlerMapping - Mapped "{[/planLesson/delete]}" onto public com.yst.common.response.ReturnT com.yst.web.controller.PlanLessonController.delete(java.lang.Integer)
21:36:44.361 [main] INFO  o.s.w.s.m.m.a.RequestMappingHandlerMapping - Mapped "{[/planLesson/list]}" onto public com.yst.common.response.ReturnT com.yst.web.controller.PlanLessonController.list(java.lang.Integer,java.lang.Integer)
21:36:44.361 [main] INFO  o.s.w.s.m.m.a.RequestMappingHandlerMapping - Mapped "{[/planLesson/detail]}" onto public com.yst.common.response.ReturnT com.yst.web.controller.PlanLessonController.detail(java.lang.Integer)
21:36:44.361 [main] INFO  o.s.w.s.m.m.a.RequestMappingHandlerMapping - Mapped "{[/planLesson/queryList]}" onto public com.yst.common.response.ReturnT com.yst.web.controller.PlanLessonController.queryList(com.yst.common.bean.PlanLesson)
21:36:44.362 [main] INFO  o.s.w.s.m.m.a.RequestMappingHandlerMapping - Mapped "{[/score/add]}" onto public com.yst.common.response.ReturnT com.yst.web.controller.ScoreController.add(com.yst.common.bean.Score)
21:36:44.362 [main] INFO  o.s.w.s.m.m.a.RequestMappingHandlerMapping - Mapped "{[/score/update]}" onto public com.yst.common.response.ReturnT com.yst.web.controller.ScoreController.update(com.yst.common.bean.Score)
21:36:44.362 [main] INFO  o.s.w.s.m.m.a.RequestMappingHandlerMapping - Mapped "{[/score/delete]}" onto public com.yst.common.response.ReturnT com.yst.web.controller.ScoreController.delete(java.lang.Integer)
21:36:44.363 [main] INFO  o.s.w.s.m.m.a.RequestMappingHandlerMapping - Mapped "{[/score/list]}" onto public com.yst.common.response.ReturnT com.yst.web.controller.ScoreController.list(java.lang.Integer,java.lang.Integer)
21:36:44.363 [main] INFO  o.s.w.s.m.m.a.RequestMappingHandlerMapping - Mapped "{[/score/detail]}" onto public com.yst.common.response.ReturnT com.yst.web.controller.ScoreController.detail(java.lang.Integer)
21:36:44.363 [main] INFO  o.s.w.s.m.m.a.RequestMappingHandlerMapping - Mapped "{[/score/queryList]}" onto public com.yst.common.response.ReturnT com.yst.web.controller.ScoreController.queryList(com.yst.common.bean.Score)
21:36:44.367 [main] INFO  o.s.w.s.m.m.a.RequestMappingHandlerMapping - Mapped "{[/studentClass/add]}" onto public com.yst.common.response.ReturnT com.yst.web.controller.StudentClassController.add(com.yst.common.bean.StudentClass)
21:36:44.367 [main] INFO  o.s.w.s.m.m.a.RequestMappingHandlerMapping - Mapped "{[/studentClass/update]}" onto public com.yst.common.response.ReturnT com.yst.web.controller.StudentClassController.update(com.yst.common.bean.StudentClass)
21:36:44.367 [main] INFO  o.s.w.s.m.m.a.RequestMappingHandlerMapping - Mapped "{[/studentClass/delete]}" onto public com.yst.common.response.ReturnT com.yst.web.controller.StudentClassController.delete(java.lang.Integer)
21:36:44.368 [main] INFO  o.s.w.s.m.m.a.RequestMappingHandlerMapping - Mapped "{[/studentClass/list]}" onto public com.yst.common.response.ReturnT com.yst.web.controller.StudentClassController.list(java.lang.Integer,java.lang.Integer)
21:36:44.368 [main] INFO  o.s.w.s.m.m.a.RequestMappingHandlerMapping - Mapped "{[/studentClass/detail]}" onto public com.yst.common.response.ReturnT com.yst.web.controller.StudentClassController.detail(java.lang.Integer)
21:36:44.368 [main] INFO  o.s.w.s.m.m.a.RequestMappingHandlerMapping - Mapped "{[/studentClass/queryList]}" onto public com.yst.common.response.ReturnT com.yst.web.controller.StudentClassController.queryList(com.yst.common.bean.StudentClass)
21:36:44.373 [main] INFO  o.s.w.s.m.m.a.RequestMappingHandlerMapping - Mapped "{[/teacher/add]}" onto public com.yst.common.response.ReturnT com.yst.web.controller.TeacherController.add(com.yst.common.bean.Teacher)
21:36:44.373 [main] INFO  o.s.w.s.m.m.a.RequestMappingHandlerMapping - Mapped "{[/teacher/update]}" onto public com.yst.common.response.ReturnT com.yst.web.controller.TeacherController.update(com.yst.common.bean.Teacher)
21:36:44.373 [main] INFO  o.s.w.s.m.m.a.RequestMappingHandlerMapping - Mapped "{[/teacher/delete]}" onto public com.yst.common.response.ReturnT com.yst.web.controller.TeacherController.delete(java.lang.Integer)
21:36:44.373 [main] INFO  o.s.w.s.m.m.a.RequestMappingHandlerMapping - Mapped "{[/teacher/list]}" onto public com.yst.common.response.ReturnT com.yst.web.controller.TeacherController.list(java.lang.Integer,java.lang.Integer)
21:36:44.373 [main] INFO  o.s.w.s.m.m.a.RequestMappingHandlerMapping - Mapped "{[/teacher/detail]}" onto public com.yst.common.response.ReturnT com.yst.web.controller.TeacherController.detail(java.lang.Integer)
21:36:44.374 [main] INFO  o.s.w.s.m.m.a.RequestMappingHandlerMapping - Mapped "{[/teacher/queryList]}" onto public com.yst.common.response.ReturnT com.yst.web.controller.TeacherController.queryList(com.yst.common.bean.Teacher)
21:36:44.376 [main] INFO  o.s.w.s.m.m.a.RequestMappingHandlerMapping - Mapped "{[/user/getCurrentUser]}" onto public com.yst.common.response.ReturnT com.yst.web.controller.UserController.getCurrentUser()
21:36:44.377 [main] INFO  o.s.w.s.m.m.a.RequestMappingHandlerMapping - Mapped "{[/user/login]}" onto public com.yst.common.response.ReturnT com.yst.web.controller.UserController.loginUser(com.yst.common.param.LoginUserParam,javax.servlet.http.HttpServletResponse)
21:36:44.450 [main] INFO  o.h.validator.internal.util.Version - HV000001: Hibernate Validator 4.3.1.Final
21:36:45.553 [main] INFO  o.s.w.s.m.m.a.RequestMappingHandlerAdapter - Looking for @ControllerAdvice: WebApplicationContext for namespace 'springServlet-servlet': startup date [Thu Oct 25 21:36:43 CST 2018]; parent: Root WebApplicationContext
21:36:45.612 [main] INFO  o.s.w.s.m.m.a.RequestMappingHandlerAdapter - Looking for @ControllerAdvice: WebApplicationContext for namespace 'springServlet-servlet': startup date [Thu Oct 25 21:36:43 CST 2018]; parent: Root WebApplicationContext
21:36:45.680 [main] INFO  o.s.w.s.m.m.a.ExceptionHandlerExceptionResolver - Detected @ExceptionHandler methods in springExceptionHandler
21:36:45.773 [main] INFO  o.s.w.s.h.SimpleUrlHandlerMapping - Mapped URL path [/**] onto handler 'org.springframework.web.servlet.resource.DefaultServletHttpRequestHandler#0'
21:36:45.860 [main] INFO  o.s.web.servlet.DispatcherServlet - FrameworkServlet 'springServlet': initialization completed in 2441 ms
21:36:52.211 [qtp918606013-29] INFO  com.yst.web.aspect.LogAspect - SpringExceptionHandler.handleException {e=JedisConnectionException [stackTrace=[StackTraceElement []StackTraceElement []StackTraceElement []StackTraceElement []StackTraceElement []StackTraceElement []StackTraceElement []StackTraceElement []StackTraceElement []StackTraceElement []StackTraceElement []StackTraceElement []StackTraceElement []StackTraceElement []StackTraceElement []StackTraceElement []StackTraceElement []StackTraceElement []StackTraceElement []StackTraceElement []StackTraceElement []StackTraceElement []StackTraceElement []StackTraceElement []StackTraceElement []StackTraceElement []StackTraceElement []StackTraceElement []StackTraceElement []StackTraceElement []StackTraceElement []StackTraceElement []StackTraceElement []StackTraceElement []StackTraceElement []StackTraceElement []StackTraceElement []StackTraceElement []StackTraceElement []StackTraceElement []StackTraceElement []StackTraceElement []StackTraceElement []StackTraceElement []StackTraceElement []StackTraceElement []StackTraceElement []StackTraceElement []],], response=Response [bufferSize=32768,characterEncoding=UTF-8,contentType=,locale=Locale [],status=200,]}
21:36:52.235 [qtp918606013-29] ERROR c.y.w.c.SpringExceptionHandler - 访问路径[http://127.0.0.1:8090/yst-web/lesson/queryList],错误[Could not get a resource from the pool]
21:36:52.240 [qtp918606013-29] INFO  com.yst.web.aspect.LogAspect - SpringExceptionHandler.handleException ReturnT [code=501,data=,msg=系统错误,]
21:37:09.445 [qtp918606013-23] INFO  com.yst.web.aspect.LogAspect - LessonController.queryList {lesson=Lesson [id=1,name=,]}
21:37:09.546 [qtp918606013-23] INFO  com.yst.web.aspect.LogAspect - LessonController.queryList ReturnT [code=200,data=[Lesson [id=1,name=语文,]],msg=成功,]
